android/app/build/intermediates/manifest_merge_blame_file/debug/manifest-merger-blame-debug-report.txt
1<?xml version="1.0" encoding="utf-8"?>
2<manifest xmlns:android="http://schemas.android.com/apk/res/android"
3    package="io.ionic.starter"
4    android:versionCode="1"
5    android:versionName="1.0" >
6
7    <uses-sdk
8        android:minSdkVersion="21"
8-->src\main\AndroidManifest.xml
9        android:targetSdkVersion="29" />
9-->src\main\AndroidManifest.xml
10
11    <!-- Permissions -->
12
13    <uses-permission android:name="android.permission.INTERNET" />
13-->src\main\AndroidManifest.xml:47:5-67
13-->src\main\AndroidManifest.xml:47:22-64
14    <!-- Camera, Photos, input file -->
15    <uses-permission android:name="android.permission.READ_EXTERNAL_STORAGE" />
15-->src\main\AndroidManifest.xml:49:5-79
15-->src\main\AndroidManifest.xml:49:22-77
16    <uses-permission android:name="android.permission.WRITE_EXTERNAL_STORAGE" />
16-->src\main\AndroidManifest.xml:50:5-81
16-->src\main\AndroidManifest.xml:50:22-78
17    <!-- Geolocation API -->
18    <uses-permission android:name="android.permission.ACCESS_COARSE_LOCATION" />
18-->src\main\AndroidManifest.xml:52:5-81
18-->src\main\AndroidManifest.xml:52:22-78
19    <uses-permission android:name="android.permission.ACCESS_FINE_LOCATION" />
19-->src\main\AndroidManifest.xml:53:5-79
19-->src\main\AndroidManifest.xml:53:22-76
20
21    <uses-feature android:name="android.hardware.location.gps" />
21-->src\main\AndroidManifest.xml:54:5-66
21-->src\main\AndroidManifest.xml:54:19-63
22    <!-- Network API -->
23    <uses-permission android:name="android.permission.ACCESS_NETWORK_STATE" />
23-->src\main\AndroidManifest.xml:56:5-79
23-->src\main\AndroidManifest.xml:56:22-76
24    <!-- Navigator.getUserMedia -->
25    <!-- Video -->
26    <uses-permission android:name="android.permission.CAMERA" />
26-->src\main\AndroidManifest.xml:59:5-65
26-->src\main\AndroidManifest.xml:59:22-62
27    <!-- Audio -->
28    <uses-permission android:name="android.permission.RECORD_AUDIO" />
28-->src\main\AndroidManifest.xml:61:5-71
28-->src\main\AndroidManifest.xml:61:22-68
29    <uses-permission android:name="android.permission.MODIFY_AUDIO_SETTINGS" />
29-->src\main\AndroidManifest.xml:62:5-79
29-->src\main\AndroidManifest.xml:62:22-77
30
31    <uses-feature
31-->[:capacitor-android] AndroidManifest.xml:11:5-13:36
32        android:name="android.hardware.camera"
32-->[:capacitor-android] AndroidManifest.xml:12:9-47
33        android:required="false" />
33-->[:capacitor-android] AndroidManifest.xml:13:9-33
34
35    <uses-permission android:name="android.permission.RECEIVE_BOOT_COMPLETED" />
35-->[:capacitor-android] AndroidManifest.xml:15:5-81
35-->[:capacitor-android] AndroidManifest.xml:15:22-78
36    <uses-permission android:name="android.permission.WAKE_LOCK" /> <!-- Required by older versions of Google Play services to create IID tokens -->
36-->[:capacitor-android] AndroidManifest.xml:16:5-68
36-->[:capacitor-android] AndroidManifest.xml:16:22-65
37    <uses-permission android:name="com.google.android.c2dm.permission.RECEIVE" />
37-->[com.google.firebase:firebase-iid:20.1.1] AndroidManifest.xml:26:5-82
37-->[com.google.firebase:firebase-iid:20.1.1] AndroidManifest.xml:26:22-79
38
39    <application
39-->src\main\AndroidManifest.xml:5:5-43:19
40        android:allowBackup="true"
40-->src\main\AndroidManifest.xml:6:9-35
41        android:appComponentFactory="androidx.core.app.CoreComponentFactory"
41-->[androidx.core:core:1.2.0] AndroidManifest.xml:24:18-86
42        android:debuggable="true"
43        android:icon="@mipmap/ic_launcher"
43-->src\main\AndroidManifest.xml:7:9-43
44        android:label="@string/app_name"
44-->src\main\AndroidManifest.xml:8:9-41
45        android:roundIcon="@mipmap/ic_launcher_round"
45-->src\main\AndroidManifest.xml:9:9-54
46        android:supportsRtl="true"
46-->src\main\AndroidManifest.xml:10:9-35
47        android:testOnly="true"
48        android:theme="@style/AppTheme" >
48-->src\main\AndroidManifest.xml:11:9-40
49        <activity
49-->src\main\AndroidManifest.xml:13:9-32:20
50            android:name="io.ionic.starter.MainActivity"
50-->src\main\AndroidManifest.xml:15:13-57
51            android:configChanges="orientation|keyboardHidden|keyboard|screenSize|locale|smallestScreenSize|screenLayout|uiMode"
51-->src\main\AndroidManifest.xml:14:13-129
52            android:label="@string/title_activity_main"
52-->src\main\AndroidManifest.xml:16:13-56
53            android:launchMode="singleTask"
53-->src\main\AndroidManifest.xml:18:13-44
54            android:theme="@style/AppTheme.NoActionBarLaunch" >
54-->src\main\AndroidManifest.xml:17:13-62
55            <intent-filter>
55-->src\main\AndroidManifest.xml:20:13-23:29
56                <action android:name="android.intent.action.MAIN" />
56-->src\main\AndroidManifest.xml:21:17-69
56-->src\main\AndroidManifest.xml:21:25-66
57
58                <category android:name="android.intent.category.LAUNCHER" />
58-->src\main\AndroidManifest.xml:22:17-77
58-->src\main\AndroidManifest.xml:22:27-74
59            </intent-filter>
60            <intent-filter>
60-->src\main\AndroidManifest.xml:25:13-30:29
61                <action android:name="android.intent.action.VIEW" />
61-->src\main\AndroidManifest.xml:26:17-69
61-->src\main\AndroidManifest.xml:26:25-66
62
63                <category android:name="android.intent.category.DEFAULT" />
63-->src\main\AndroidManifest.xml:27:17-76
63-->src\main\AndroidManifest.xml:27:27-73
64                <category android:name="android.intent.category.BROWSABLE" />
64-->src\main\AndroidManifest.xml:28:17-78
64-->src\main\AndroidManifest.xml:28:27-75
65
66                <data android:scheme="@string/custom_url_scheme" />
66-->src\main\AndroidManifest.xml:29:17-68
66-->src\main\AndroidManifest.xml:29:23-65
67            </intent-filter>
68        </activity>
69
70        <provider
71            android:name="androidx.core.content.FileProvider"
71-->src\main\AndroidManifest.xml:35:13-62
72            android:authorities="io.ionic.starter.fileprovider"
72-->src\main\AndroidManifest.xml:36:13-64
73            android:exported="false"
73-->src\main\AndroidManifest.xml:37:13-37
74            android:grantUriPermissions="true" >
74-->src\main\AndroidManifest.xml:38:13-47
75            <meta-data
75-->src\main\AndroidManifest.xml:39:13-41:64
76                android:name="android.support.FILE_PROVIDER_PATHS"
76-->src\main\AndroidManifest.xml:40:17-67
77                android:resource="@xml/file_paths" />
77-->src\main\AndroidManifest.xml:41:17-51
78        </provider>
79
80        <service
80-->[:capacitor-android] AndroidManifest.xml:19:9-21:40
81            android:name="com.getcapacitor.plugin.background.BackgroundTaskService"
81-->[:capacitor-android] AndroidManifest.xml:20:13-84
82            android:exported="false" />
82-->[:capacitor-android] AndroidManifest.xml:21:13-37
83
84        <receiver android:name="com.getcapacitor.plugin.notification.TimedNotificationPublisher" />
84-->[:capacitor-android] AndroidManifest.xml:23:9-100
84-->[:capacitor-android] AndroidManifest.xml:23:19-97
85        <receiver android:name="com.getcapacitor.plugin.notification.NotificationDismissReceiver" />
85-->[:capacitor-android] AndroidManifest.xml:24:9-101
85-->[:capacitor-android] AndroidManifest.xml:24:19-98
86
87        <meta-data
87-->[:capacitor-android] AndroidManifest.xml:26:9-28:37
88            android:name="firebase_messaging_auto_init_enabled"
88-->[:capacitor-android] AndroidManifest.xml:27:13-64
89            android:value="false" />
89-->[:capacitor-android] AndroidManifest.xml:28:13-34
90
91        <service
91-->[:capacitor-android] AndroidManifest.xml:30:9-36:19
92            android:name="com.getcapacitor.CapacitorFirebaseMessagingService"
92-->[:capacitor-android] AndroidManifest.xml:31:13-78
93            android:stopWithTask="false" >
93-->[:capacitor-android] AndroidManifest.xml:32:13-41
94            <intent-filter>
94-->[:capacitor-android] AndroidManifest.xml:33:13-35:29
95                <action android:name="com.google.firebase.MESSAGING_EVENT" />
95-->[:capacitor-android] AndroidManifest.xml:34:17-78
95-->[:capacitor-android] AndroidManifest.xml:34:25-75
96            </intent-filter>
97        </service>
98
99        <receiver
99-->[:capacitor-android] AndroidManifest.xml:38:9-47:20
100            android:name="com.getcapacitor.plugin.notification.LocalNotificationRestoreReceiver"
100-->[:capacitor-android] AndroidManifest.xml:39:13-97
101            android:directBootAware="true"
101-->[:capacitor-android] AndroidManifest.xml:40:13-43
102            android:exported="false" >
102-->[:capacitor-android] AndroidManifest.xml:41:13-37
103            <intent-filter>
103-->[:capacitor-android] AndroidManifest.xml:42:13-46:29
104                <action android:name="android.intent.action.LOCKED_BOOT_COMPLETED" />
104-->[:capacitor-android] AndroidManifest.xml:43:17-86
104-->[:capacitor-android] AndroidManifest.xml:43:25-83
105                <action android:name="android.intent.action.BOOT_COMPLETED" />
105-->[:capacitor-android] AndroidManifest.xml:44:17-79
105-->[:capacitor-android] AndroidManifest.xml:44:25-76
106                <action android:name="android.intent.action.QUICKBOOT_POWERON" />
106-->[:capacitor-android] AndroidManifest.xml:45:17-82
106-->[:capacitor-android] AndroidManifest.xml:45:25-79
107            </intent-filter>
108        </receiver>
109        <!--
110             FirebaseMessagingService performs security checks at runtime,
111             but set to not exported to explicitly avoid allowing another app to call it.
112        -->
113        <service
113-->[com.google.firebase:firebase-messaging:20.1.2] AndroidManifest.xml:28:9-34:19
114            android:name="com.google.firebase.messaging.FirebaseMessagingService"
114-->[com.google.firebase:firebase-messaging:20.1.2] AndroidManifest.xml:29:13-82
115            android:exported="false" >
115-->[com.google.firebase:firebase-messaging:20.1.2] AndroidManifest.xml:30:13-37
116            <intent-filter android:priority="-500" >
116-->[:capacitor-android] AndroidManifest.xml:33:13-35:29
117                <action android:name="com.google.firebase.MESSAGING_EVENT" />
117-->[:capacitor-android] AndroidManifest.xml:34:17-78
117-->[:capacitor-android] AndroidManifest.xml:34:25-75
118            </intent-filter>
119        </service>
120        <service
120-->[com.google.firebase:firebase-messaging:20.1.2] AndroidManifest.xml:35:9-41:19
121            android:name="com.google.firebase.components.ComponentDiscoveryService"
121-->[com.google.firebase:firebase-messaging:20.1.2] AndroidManifest.xml:36:13-84
122            android:directBootAware="true"
122-->[com.google.firebase:firebase-common:19.3.0] AndroidManifest.xml:34:13-43
123            android:exported="false" >
123-->[com.google.firebase:firebase-messaging:20.1.2] AndroidManifest.xml:37:13-37
124            <meta-data
124-->[com.google.firebase:firebase-messaging:20.1.2] AndroidManifest.xml:38:13-40:85
125                android:name="com.google.firebase.components:com.google.firebase.messaging.FirebaseMessagingRegistrar"
125-->[com.google.firebase:firebase-messaging:20.1.2] AndroidManifest.xml:39:17-119
126                android:value="com.google.firebase.components.ComponentRegistrar" />
126-->[com.google.firebase:firebase-messaging:20.1.2] AndroidManifest.xml:40:17-82
127            <meta-data
127-->[com.google.firebase:firebase-datatransport:17.0.3] AndroidManifest.xml:28:13-30:85
128                android:name="com.google.firebase.components:com.google.firebase.datatransport.TransportRegistrar"
128-->[com.google.firebase:firebase-datatransport:17.0.3] AndroidManifest.xml:29:17-115
129                android:value="com.google.firebase.components.ComponentRegistrar" />
129-->[com.google.firebase:firebase-datatransport:17.0.3] AndroidManifest.xml:30:17-82
130            <meta-data
130-->[com.google.firebase:firebase-iid:20.1.1] AndroidManifest.xml:32:13-34:85
131                android:name="com.google.firebase.components:com.google.firebase.iid.Registrar"
131-->[com.google.firebase:firebase-iid:20.1.1] AndroidManifest.xml:33:17-96
132                android:value="com.google.firebase.components.ComponentRegistrar" />
132-->[com.google.firebase:firebase-iid:20.1.1] AndroidManifest.xml:34:17-82
133            <meta-data
133-->[com.google.firebase:firebase-installations:16.0.0] AndroidManifest.xml:17:13-19:85
134                android:name="com.google.firebase.components:com.google.firebase.installations.FirebaseInstallationsRegistrar"
134-->[com.google.firebase:firebase-installations:16.0.0] AndroidManifest.xml:18:17-127
135                android:value="com.google.firebase.components.ComponentRegistrar" />
135-->[com.google.firebase:firebase-installations:16.0.0] AndroidManifest.xml:19:17-82
136        </service>
137
138        <receiver
138-->[com.google.firebase:firebase-iid:20.1.1] AndroidManifest.xml:37:9-44:20
139            android:name="com.google.firebase.iid.FirebaseInstanceIdReceiver"
139-->[com.google.firebase:firebase-iid:20.1.1] AndroidManifest.xml:38:13-78
140            android:exported="true"
140-->[com.google.firebase:firebase-iid:20.1.1] AndroidManifest.xml:39:13-36
141            android:permission="com.google.android.c2dm.permission.SEND" >
141-->[com.google.firebase:firebase-iid:20.1.1] AndroidManifest.xml:40:13-73
142            <intent-filter>
142-->[com.google.firebase:firebase-iid:20.1.1] AndroidManifest.xml:41:13-43:29
143                <action android:name="com.google.android.c2dm.intent.RECEIVE" />
143-->[com.google.firebase:firebase-iid:20.1.1] AndroidManifest.xml:42:17-81
143-->[com.google.firebase:firebase-iid:20.1.1] AndroidManifest.xml:42:25-78
144            </intent-filter>
145        </receiver>
146
147        <provider
147-->[com.google.firebase:firebase-common:19.3.0] AndroidManifest.xml:26:9-30:39
148            android:name="com.google.firebase.provider.FirebaseInitProvider"
148-->[com.google.firebase:firebase-common:19.3.0] AndroidManifest.xml:27:13-77
149            android:authorities="io.ionic.starter.firebaseinitprovider"
149-->[com.google.firebase:firebase-common:19.3.0] AndroidManifest.xml:28:13-72
150            android:exported="false"
150-->[com.google.firebase:firebase-common:19.3.0] AndroidManifest.xml:29:13-37
151            android:initOrder="100" />
151-->[com.google.firebase:firebase-common:19.3.0] AndroidManifest.xml:30:13-36
152
153        <activity
153-->[com.google.android.gms:play-services-base:17.0.0] AndroidManifest.xml:23:9-26:75
154            android:name="com.google.android.gms.common.api.GoogleApiActivity"
154-->[com.google.android.gms:play-services-base:17.0.0] AndroidManifest.xml:24:13-79
155            android:exported="false"
155-->[com.google.android.gms:play-services-base:17.0.0] AndroidManifest.xml:25:13-37
156            android:theme="@android:style/Theme.Translucent.NoTitleBar" />
156-->[com.google.android.gms:play-services-base:17.0.0] AndroidManifest.xml:26:13-72
157
158        <meta-data
158-->[com.google.android.gms:play-services-basement:17.0.0] AndroidManifest.xml:23:9-25:69
159            android:name="com.google.android.gms.version"
159-->[com.google.android.gms:play-services-basement:17.0.0] AndroidManifest.xml:24:13-58
160            android:value="@integer/google_play_services_version" />
160-->[com.google.android.gms:play-services-basement:17.0.0] AndroidManifest.xml:25:13-66
161
162        <service
162-->[com.google.android.datatransport:transport-backend-cct:2.2.0] AndroidManifest.xml:29:9-35:19
163            android:name="com.google.android.datatransport.runtime.backends.TransportBackendDiscovery"
163-->[com.google.android.datatransport:transport-backend-cct:2.2.0] AndroidManifest.xml:30:13-103
164            android:exported="false" >
164-->[com.google.android.datatransport:transport-backend-cct:2.2.0] AndroidManifest.xml:31:13-37
165            <meta-data
165-->[com.google.android.datatransport:transport-backend-cct:2.2.0] AndroidManifest.xml:32:13-34:39
166                android:name="backend:com.google.android.datatransport.cct.CctBackendFactory"
166-->[com.google.android.datatransport:transport-backend-cct:2.2.0] AndroidManifest.xml:33:17-94
167                android:value="cct" />
167-->[com.google.android.datatransport:transport-backend-cct:2.2.0] AndroidManifest.xml:34:17-36
168        </service>
169        <service
169-->[com.google.android.datatransport:transport-runtime:2.2.0] AndroidManifest.xml:26:9-30:19
170            android:name="com.google.android.datatransport.runtime.scheduling.jobscheduling.JobInfoSchedulerService"
170-->[com.google.android.datatransport:transport-runtime:2.2.0] AndroidManifest.xml:27:13-117
171            android:exported="false"
171-->[com.google.android.datatransport:transport-runtime:2.2.0] AndroidManifest.xml:28:13-37
172            android:permission="android.permission.BIND_JOB_SERVICE" >
172-->[com.google.android.datatransport:transport-runtime:2.2.0] AndroidManifest.xml:29:13-69
173        </service>
174
175        <receiver
175-->[com.google.android.datatransport:transport-runtime:2.2.0] AndroidManifest.xml:32:9-34:40
176            android:name="com.google.android.datatransport.runtime.scheduling.jobscheduling.AlarmManagerSchedulerBroadcastReceiver"
176-->[com.google.android.datatransport:transport-runtime:2.2.0] AndroidManifest.xml:33:13-132
177            android:exported="false" />
177-->[com.google.android.datatransport:transport-runtime:2.2.0] AndroidManifest.xml:34:13-37
178    </application>
179
180</manifest>